camera cam1 
pixeldim 800 600 
worlddim 8.0 6.0 
viewpoint       4.000       3.000       4.000

material     see_thru 
ambient        1.0   1.0   0.0 
diffuse        5.0   5.0   0.0 
specular       0.3 

shininess      0.0 

transparency   0.6 


material     white 
ambient        2.0   2.0   2.0 
diffuse        5.0   5.0   5.0 
specular       0.0 

shininess      0.0 

transparency   0.0 


material     green 
ambient        0.0   2.0   0.0 
diffuse        0.0   5.0   0.0 
specular       0.0 

shininess      0.0 

transparency   0.0 


material     yellow 
ambient        1.0   1.0   0.0 
diffuse        5.0   5.0   0.0 
specular       0.0 

shininess      0.0 

transparency   0.0 


material     blue 
ambient        0.0   0.0   0.0 
diffuse        0.0   0.0   8.0 
specular       0.3 

shininess    250.0 

transparency   0.0 


material     gray 
ambient        0.0   0.0   0.0 
diffuse        6.0   6.0   6.0 
specular       0.0 

shininess      0.0 

transparency   0.0 


material     charcoal 
ambient        0.6   1.0   1.0 
diffuse        0.6   0.0   0.0 
specular       0.0 

shininess      0.0 

transparency   0.0 


material     darkred 
ambient        0.6   1.0   1.0 
diffuse        8.0   2.0   0.0 
specular       0.0 

shininess      0.0 

transparency   0.0 

normal       0.000       1.000       0.000
point       0.000      -1.000       0.000
dimensions      1.0      1.0 
xdir       1.000       0.000       1.000
altmaterial gray

normal       0.928       0.000       0.371
point      -5.000      -1.000      -3.000
dimensions     30.0     15.0 
xdir       1.000       0.000       0.000
projected       0.371       0.000      -0.928
row       0.371       0.000      -0.928
row      -0.000       1.000       0.000
row       0.928       0.000       0.371
texname brick 
mode 1 

normal       0.000       0.000       1.000
point      -4.000      -1.000      -8.000
dimensions     40.0     40.0 
xdir       1.000       0.000       0.000
projected       1.000       0.000       0.000
row       1.000       0.000       0.000
row       0.000       1.000       0.000
row       0.000       0.000       1.000
texname brick 
mode 1 

normal      -0.928       0.000       0.371
point      11.000      -1.000      -8.000
dimensions     90.0     15.0 
xdir       1.000       0.000       0.000
projected       0.371       0.000       0.928
row       0.371       0.000       0.928
row       0.000       1.000      -0.000
row      -0.928       0.000       0.371
texname brick 
mode 1 

normal       0.000       0.000       1.000
point       6.000      -2.000      -7.950
dimensions      3.0      6.0 
xdir       1.000       0.000       0.000
projected       1.000       0.000       0.000
row       1.000       0.000       0.000
row       0.000       1.000       0.000
row       0.000       0.000       1.000

normal       0.000       0.000       1.000
point       5.800      -2.000      -7.990
dimensions      3.4      6.2 
xdir       1.000       0.000       0.000
projected       1.000       0.000       0.000
row       1.000       0.000       0.000
row       0.000       1.000       0.000
row       0.000       0.000       1.000
texname oak 
mode 1 

normal       0.000       0.000       1.000
point       6.000       5.000      -7.950
dimensions      2.7      2.0 
xdir       1.000       0.000       0.000
projected       1.000       0.000       0.000
row       1.000       0.000       0.000
row       0.000       1.000       0.000
row       0.000       0.000       1.000
texname personalimg 
mode 0 

center       6.500       1.330      -7.980
radius      0.2


normal       0.000       0.981       0.196
point       0.000       0.000      -7.000
dimensions      1.5      1.5 
xdir       1.000       0.000       0.000
projected       1.000       0.000       0.000
row       1.000       0.000       0.000
row       0.000       0.196      -0.981
row       0.000       0.981       0.196

normal       0.000       0.000       1.000
point       0.050      -1.000      -7.000
dimensions      0.1      1.0 
xdir       1.000       0.000       0.000
projected       1.000       0.000       0.000
row       1.000       0.000       0.000
row       0.000       1.000       0.000
row       0.000       0.000       1.000

normal       0.000       0.000       1.000
point       1.400      -1.000      -7.000
dimensions      0.1      1.0 
xdir       1.000       0.000       0.000
projected       1.000       0.000       0.000
row       1.000       0.000       0.000
row       0.000       1.000       0.000
row       0.000       0.000       1.000

normal       0.000       0.000       1.000
point       0.200      -1.000      -7.900
dimensions      0.1      1.0 
xdir       1.000       0.000       0.000
projected       1.000       0.000       0.000
row       1.000       0.000       0.000
row       0.000       1.000       0.000
row       0.000       0.000       1.000

normal       0.000       0.000       1.000
point       1.480      -0.950      -7.900
dimensions      0.1      1.1 
xdir       1.000       0.000       0.000
projected       1.000       0.000       0.000
row       1.000       0.000       0.000
row       0.000       1.000       0.000
row       0.000       0.000       1.000

center       0.800       0.800      -7.500
radius      0.8


normal       0.928       0.000       0.371
point      -4.300       3.000      -4.500
dimensions      2.0      2.0 
xdir       1.000       0.000       0.000
projected       0.371       0.000      -0.928
row       0.371       0.000      -0.928
row      -0.000       1.000       0.000
row       0.928       0.000       0.371

normal       0.928       0.000       0.371
point      -4.000       3.150      -4.490
dimensions      1.5      1.5 
xdir       1.000       0.000       0.000
projected       0.371       0.000      -0.928
row       0.371       0.000      -0.928
row      -0.000       1.000       0.000
row       0.928       0.000       0.371
texname cartoon 
mode 0 

normal       0.000       0.000       1.000
point      -2.200      -1.000      -7.000
dimensions      0.1      8.0 
xdir       1.000       0.000       0.000
projected       1.000       0.000       0.000
row       1.000       0.000       0.000
row       0.000       1.000       0.000
row       0.000       0.000       1.000

center      -2.200       7.000      -7.000
radius      0.5


center      -2.200      -1.000      -6.990
radius      0.4


normal       0.000       0.000       1.000
point       0.025       3.950      -7.980
dimensions      4.0      3.0 
xdir       1.000       0.000       0.000
projected       1.000       0.000       0.000
row       1.000       0.000       0.000
row       0.000       1.000       0.000
row       0.000       0.000       1.000
texname painting 
mode 0 

normal       0.000       0.000       1.000
point      -0.200       3.750      -7.990
dimensions      4.4      3.4 
xdir       1.000       0.000       0.000
projected       1.000       0.000       0.000
row       1.000       0.000       0.000
row       0.000       1.000       0.000
row       0.000       0.000       1.000
texname oak 
mode 1 

pinkfront 
location      10.000       8.000       4.000
emissivity      6.0      5.0      5.0 

cyanfront 
location      -2.000       0.000       4.000
emissivity      4.0      6.0      5.0 

center_red 
location       4.000       8.000      -2.000
emissivity      5.0      1.0      1.0 

left_blue 
location       2.000       8.000       0.000
emissivity      1.0      1.0      5.0 

right_green 
location       6.000       8.000       0.000
emissivity      1.0      5.0      1.0 

lamplight 
location      -2.200       7.000       0.000
emissivity     10.0     10.0     10.0 

point       0.000       0.000      -4.000
theta 0.209440 
